TN:
SF:src\myClass.js
FN:4,(anonymous_0)
FN:8,(anonymous_1)
FN:12,(anonymous_2)
FN:23,(anonymous_3)
FN:29,(anonymous_4)
FN:33,(anonymous_5)
FN:34,(anonymous_6)
FN:35,(anonymous_7)
FN:36,(anonymous_8)
FN:41,(anonymous_9)
FN:42,(anonymous_10)
FN:46,(anonymous_11)
FN:57,(anonymous_12)
FN:60,(anonymous_13)
FNF:14
FNH:9
FNDA:1,(anonymous_0)
FNDA:2,(anonymous_1)
FNDA:4,(anonymous_2)
FNDA:3,(anonymous_3)
FNDA:1,(anonymous_4)
FNDA:0,(anonymous_5)
FNDA:0,(anonymous_6)
FNDA:0,(anonymous_7)
FNDA:0,(anonymous_8)
FNDA:1,(anonymous_9)
FNDA:1,(anonymous_10)
FNDA:4,(anonymous_11)
FNDA:1,(anonymous_12)
FNDA:0,(anonymous_13)
DA:1,1
DA:5,1
DA:9,2
DA:13,4
DA:15,4
DA:16,4
DA:18,0
DA:24,3
DA:25,3
DA:26,3
DA:30,1
DA:34,0
DA:35,0
DA:37,0
DA:42,1
DA:43,1
DA:44,1
DA:46,1
DA:47,4
DA:48,1
DA:49,1
DA:51,0
DA:55,1
DA:58,1
DA:61,0
DA:66,1
LF:26
LH:20
BRDA:13,0,0,4
BRDA:13,0,1,0
BRDA:47,1,0,1
BRDA:47,1,1,3
BRDA:48,2,0,1
BRDA:48,2,1,0
BRF:6
BRH:4
end_of_record
TN:
SF:src\yourClass.js
FN:2,(anonymous_0)
FN:3,(anonymous_1)
FNF:2
FNH:2
FNDA:1,(anonymous_0)
FNDA:1,(anonymous_1)
DA:5,1
DA:6,1
DA:7,1
DA:9,0
DA:10,0
DA:15,1
LF:6
LH:4
BRDA:5,0,0,1
BRDA:5,0,1,0
BRF:2
BRH:1
end_of_record
